<?xml version="1.0" encoding="UTF-8"?>
<!-- Generated by org.testng.reporters.JUnitReportReporter -->
<testsuite hostname="LAPTOP-HEPN219V" failures="0" tests="1" name="Runner_upskill.runner_upskill" time="27.917" errors="0" timestamp="3 Nov 2022 09:56:03 GMT">
  <testcase classname="Runner_upskill.runner_upskill" name="runScenario" time="27.917"/>
</testsuite> <!-- Runner_upskill.runner_upskill -->
